<?xml version="1.0" encoding="UTF-8"?>
<testsuite name="lab07.PalindromeTest" tests="4" skipped="0" failures="0" errors="0" timestamp="2022-07-11T09:02:16" hostname="MSI" time="1.547">
  <properties/>
  <testcase name="stringPlusCharaPlusString" classname="lab07.PalindromeTest" time="0.835"/>
  <testcase name="UniqueString" classname="lab07.PalindromeTest" time="0.444"/>
  <testcase name="UpperString" classname="lab07.PalindromeTest" time="0.086"/>
  <testcase name="stringPlusReverse" classname="lab07.PalindromeTest" time="0.18"/>
  <system-out><![CDATA[timestamp = 2022-07-11T02:02:17.698411800, PalindromeTest:stringPlusCharaPlusString = 
                              |--------------------jqwik--------------------
tries = 1000                  | # of calls to property
checks = 1000                 | # of not rejected calls
generation = RANDOMIZED       | parameters are randomly generated
after-failure = PREVIOUS_SEED | use the previous seed
when-fixed-seed = ALLOW       | fixing the random seed is allowed
edge-cases#mode = MIXIN       | edge cases are mixed in
edge-cases#total = 20         | # of all combined edge cases
edge-cases#tried = 20         | # of edge cases tried in current run
seed = -1048885316784133095   | random seed to reproduce generated values


timestamp = 2022-07-11T02:02:18.155192400, PalindromeTest:UniqueString = 
                              |--------------------jqwik--------------------
tries = 1000                  | # of calls to property
checks = 1000                 | # of not rejected calls
generation = RANDOMIZED       | parameters are randomly generated
after-failure = PREVIOUS_SEED | use the previous seed
when-fixed-seed = ALLOW       | fixing the random seed is allowed
edge-cases#mode = MIXIN       | edge cases are mixed in
edge-cases#total = 0          | # of all combined edge cases
edge-cases#tried = 0          | # of edge cases tried in current run
seed = 4730982734957983180    | random seed to reproduce generated values


timestamp = 2022-07-11T02:02:18.241958600, PalindromeTest:UpperString = 
                              |--------------------jqwik--------------------
tries = 1000                  | # of calls to property
checks = 1000                 | # of not rejected calls
generation = RANDOMIZED       | parameters are randomly generated
after-failure = PREVIOUS_SEED | use the previous seed
when-fixed-seed = ALLOW       | fixing the random seed is allowed
edge-cases#mode = MIXIN       | edge cases are mixed in
edge-cases#total = 12         | # of all combined edge cases
edge-cases#tried = 12         | # of edge cases tried in current run
seed = -7569869171417356377   | random seed to reproduce generated values


timestamp = 2022-07-11T02:02:18.423472200, PalindromeTest:stringPlusReverse = 
                              |--------------------jqwik--------------------
tries = 1000                  | # of calls to property
checks = 1000                 | # of not rejected calls
generation = RANDOMIZED       | parameters are randomly generated
after-failure = PREVIOUS_SEED | use the previous seed
when-fixed-seed = ALLOW       | fixing the random seed is allowed
edge-cases#mode = MIXIN       | edge cases are mixed in
edge-cases#total = 5          | # of all combined edge cases
edge-cases#tried = 5          | # of edge cases tried in current run
seed = 4936341213565443630    | random seed to reproduce generated values


]]></system-out>
  <system-err><![CDATA[]]></system-err>
</testsuite>
